09:46:04,634 git.cmd DEBUG Popen(['git', 'version'], cwd=/mnt/c/Users/sadam/Desktop/Research/PHO_Project/ERA5_PredRNN/pipeline, universal_newlines=False, shell=None, istream=None)
09:46:04,648 git.cmd DEBUG Popen(['git', 'version'], cwd=/mnt/c/Users/sadam/Desktop/Research/PHO_Project/ERA5_PredRNN/pipeline, universal_newlines=False, shell=None, istream=None)
09:46:04,841 wandb.docker.auth DEBUG Trying paths: ['/home/mitt-wsl/.docker/config.json', '/home/mitt-wsl/.dockercfg']
09:46:04,841 wandb.docker.auth DEBUG Found file at path: /home/mitt-wsl/.docker/config.json
09:46:04,841 wandb.docker.auth DEBUG Found 'credsStore' section
09:46:14,625 graphviz._tools DEBUG deprecate positional args: graphviz.backend.piping.pipe(['renderer', 'formatter', 'neato_no_op', 'quiet'])
09:46:14,631 graphviz._tools DEBUG deprecate positional args: graphviz.backend.rendering.render(['renderer', 'formatter', 'neato_no_op', 'quiet'])
09:46:14,642 graphviz._tools DEBUG deprecate positional args: graphviz.backend.unflattening.unflatten(['stagger', 'fanout', 'chain', 'encoding'])
09:46:14,650 graphviz._tools DEBUG deprecate positional args: graphviz.backend.viewing.view(['quiet'])
09:46:14,674 graphviz._tools DEBUG deprecate positional args: graphviz.quoting.quote(['is_html_string', 'is_valid_id', 'dot_keywords', 'endswith_odd_number_of_backslashes', 'escape_unescaped_quotes'])
09:46:14,675 graphviz._tools DEBUG deprecate positional args: graphviz.quoting.a_list(['kwargs', 'attributes'])
09:46:14,675 graphviz._tools DEBUG deprecate positional args: graphviz.quoting.attr_list(['kwargs', 'attributes'])
09:46:14,675 graphviz._tools DEBUG deprecate positional args: graphviz.dot.Dot.clear(['keep_attrs'])
09:46:14,675 graphviz._tools DEBUG deprecate positional args: graphviz.dot.Dot.__iter__(['subgraph'])
09:46:14,676 graphviz._tools DEBUG deprecate positional args: graphviz.dot.Dot.node(['_attributes'])
09:46:14,676 graphviz._tools DEBUG deprecate positional args: graphviz.dot.Dot.edge(['_attributes'])
09:46:14,676 graphviz._tools DEBUG deprecate positional args: graphviz.dot.Dot.attr(['_attributes'])
09:46:14,676 graphviz._tools DEBUG deprecate positional args: graphviz.dot.Dot.subgraph(['name', 'comment', 'graph_attr', 'node_attr', 'edge_attr', 'body'])
09:46:14,685 graphviz._tools DEBUG deprecate positional args: graphviz.piping.Pipe._pipe_legacy(['renderer', 'formatter', 'neato_no_op', 'quiet'])
09:46:14,694 graphviz._tools DEBUG deprecate positional args: graphviz.saving.Save.save(['directory'])
09:46:14,694 graphviz._tools DEBUG deprecate positional args: graphviz.rendering.Render.render(['directory', 'view', 'cleanup', 'format', 'renderer', 'formatter', 'neato_no_op', 'quiet', 'quiet_view'])
09:46:14,694 graphviz._tools DEBUG deprecate positional args: graphviz.rendering.Render.view(['directory', 'cleanup', 'quiet', 'quiet_view'])
09:46:14,699 graphviz._tools DEBUG deprecate positional args: graphviz.unflattening.Unflatten.unflatten(['stagger', 'fanout', 'chain'])
09:46:14,699 graphviz._tools DEBUG deprecate positional args: graphviz.graphs.BaseGraph.__init__(['comment', 'filename', 'directory', 'format', 'engine', 'encoding', 'graph_attr', 'node_attr', 'edge_attr', 'body', 'strict'])
09:46:14,704 graphviz._tools DEBUG deprecate positional args: graphviz.sources.Source.from_file(['directory', 'format', 'engine', 'encoding', 'renderer', 'formatter'])
09:46:14,704 graphviz._tools DEBUG deprecate positional args: graphviz.sources.Source.__init__(['filename', 'directory', 'format', 'engine', 'encoding'])
09:46:14,704 graphviz._tools DEBUG deprecate positional args: graphviz.sources.Source.save(['directory'])
09:46:15,533 git.cmd DEBUG Popen(['git', 'rev-parse', '--show-toplevel'], cwd=/mnt/c/Users/sadam/Desktop/Research/PHO_Project/ERA5_PredRNN, universal_newlines=False, shell=None, istream=None)
09:46:25,93 urllib3.connectionpool DEBUG Starting new HTTPS connection (1): api.wandb.ai:443
09:46:25,387 urllib3.connectionpool DEBUG https://api.wandb.ai:443 "POST /graphql HTTP/1.1" 200 None
09:46:25,451 urllib3.connectionpool DEBUG https://api.wandb.ai:443 "POST /graphql HTTP/1.1" 200 None
09:46:25,527 git.cmd DEBUG Popen(['git', 'cat-file', '--batch-check'], cwd=/mnt/c/Users/sadam/Desktop/Research/PHO_Project/ERA5_PredRNN, universal_newlines=False, shell=None, istream=<valid stream>)
09:46:32,873 urllib3.connectionpool DEBUG Starting new HTTPS connection (1): o151352.ingest.sentry.io:443
09:46:33,121 urllib3.connectionpool DEBUG https://o151352.ingest.sentry.io:443 "POST /api/4504800232407040/envelope/ HTTP/1.1" 200 0
09:48:14,613 git.cmd DEBUG Popen(['git', 'version'], cwd=/mnt/c/Users/sadam/Desktop/Research/PHO_Project/ERA5_PredRNN/pipeline, universal_newlines=False, shell=None, istream=None)
09:48:14,627 git.cmd DEBUG Popen(['git', 'version'], cwd=/mnt/c/Users/sadam/Desktop/Research/PHO_Project/ERA5_PredRNN/pipeline, universal_newlines=False, shell=None, istream=None)
09:48:14,816 wandb.docker.auth DEBUG Trying paths: ['/home/mitt-wsl/.docker/config.json', '/home/mitt-wsl/.dockercfg']
09:48:14,817 wandb.docker.auth DEBUG Found file at path: /home/mitt-wsl/.docker/config.json
09:48:14,817 wandb.docker.auth DEBUG Found 'credsStore' section
09:48:24,833 graphviz._tools DEBUG deprecate positional args: graphviz.backend.piping.pipe(['renderer', 'formatter', 'neato_no_op', 'quiet'])
09:48:24,838 graphviz._tools DEBUG deprecate positional args: graphviz.backend.rendering.render(['renderer', 'formatter', 'neato_no_op', 'quiet'])
09:48:24,850 graphviz._tools DEBUG deprecate positional args: graphviz.backend.unflattening.unflatten(['stagger', 'fanout', 'chain', 'encoding'])
09:48:24,856 graphviz._tools DEBUG deprecate positional args: graphviz.backend.viewing.view(['quiet'])
09:48:24,883 graphviz._tools DEBUG deprecate positional args: graphviz.quoting.quote(['is_html_string', 'is_valid_id', 'dot_keywords', 'endswith_odd_number_of_backslashes', 'escape_unescaped_quotes'])
09:48:24,884 graphviz._tools DEBUG deprecate positional args: graphviz.quoting.a_list(['kwargs', 'attributes'])
09:48:24,884 graphviz._tools DEBUG deprecate positional args: graphviz.quoting.attr_list(['kwargs', 'attributes'])
09:48:24,884 graphviz._tools DEBUG deprecate positional args: graphviz.dot.Dot.clear(['keep_attrs'])
09:48:24,884 graphviz._tools DEBUG deprecate positional args: graphviz.dot.Dot.__iter__(['subgraph'])
09:48:24,884 graphviz._tools DEBUG deprecate positional args: graphviz.dot.Dot.node(['_attributes'])
09:48:24,884 graphviz._tools DEBUG deprecate positional args: graphviz.dot.Dot.edge(['_attributes'])
09:48:24,885 graphviz._tools DEBUG deprecate positional args: graphviz.dot.Dot.attr(['_attributes'])
09:48:24,885 graphviz._tools DEBUG deprecate positional args: graphviz.dot.Dot.subgraph(['name', 'comment', 'graph_attr', 'node_attr', 'edge_attr', 'body'])
09:48:24,896 graphviz._tools DEBUG deprecate positional args: graphviz.piping.Pipe._pipe_legacy(['renderer', 'formatter', 'neato_no_op', 'quiet'])
09:48:24,908 graphviz._tools DEBUG deprecate positional args: graphviz.saving.Save.save(['directory'])
09:48:24,909 graphviz._tools DEBUG deprecate positional args: graphviz.rendering.Render.render(['directory', 'view', 'cleanup', 'format', 'renderer', 'formatter', 'neato_no_op', 'quiet', 'quiet_view'])
09:48:24,909 graphviz._tools DEBUG deprecate positional args: graphviz.rendering.Render.view(['directory', 'cleanup', 'quiet', 'quiet_view'])
09:48:24,915 graphviz._tools DEBUG deprecate positional args: graphviz.unflattening.Unflatten.unflatten(['stagger', 'fanout', 'chain'])
09:48:24,915 graphviz._tools DEBUG deprecate positional args: graphviz.graphs.BaseGraph.__init__(['comment', 'filename', 'directory', 'format', 'engine', 'encoding', 'graph_attr', 'node_attr', 'edge_attr', 'body', 'strict'])
09:48:24,920 graphviz._tools DEBUG deprecate positional args: graphviz.sources.Source.from_file(['directory', 'format', 'engine', 'encoding', 'renderer', 'formatter'])
09:48:24,920 graphviz._tools DEBUG deprecate positional args: graphviz.sources.Source.__init__(['filename', 'directory', 'format', 'engine', 'encoding'])
09:48:24,921 graphviz._tools DEBUG deprecate positional args: graphviz.sources.Source.save(['directory'])
09:48:25,732 git.cmd DEBUG Popen(['git', 'rev-parse', '--show-toplevel'], cwd=/mnt/c/Users/sadam/Desktop/Research/PHO_Project/ERA5_PredRNN, universal_newlines=False, shell=None, istream=None)
09:48:36,279 urllib3.connectionpool DEBUG Starting new HTTPS connection (1): api.wandb.ai:443
09:48:36,581 urllib3.connectionpool DEBUG https://api.wandb.ai:443 "POST /graphql HTTP/1.1" 200 None
09:48:36,679 urllib3.connectionpool DEBUG https://api.wandb.ai:443 "POST /graphql HTTP/1.1" 200 None
09:48:36,758 git.cmd DEBUG Popen(['git', 'cat-file', '--batch-check'], cwd=/mnt/c/Users/sadam/Desktop/Research/PHO_Project/ERA5_PredRNN, universal_newlines=False, shell=None, istream=<valid stream>)
09:48:44,311 urllib3.connectionpool DEBUG Starting new HTTPS connection (1): o151352.ingest.sentry.io:443
09:48:44,735 urllib3.connectionpool DEBUG https://o151352.ingest.sentry.io:443 "POST /api/4504800232407040/envelope/ HTTP/1.1" 200 0
